Arguments: 
  /usr/local/bin/node /usr/local/bin/yarn

PATH: 
  /usr/local/bin:/usr/bin:/bin:/usr/sbin:/sbin

Yarn version: 
  1.22.18

Node version: 
  16.15.0

Platform: 
  darwin arm64

Trace: 
  Error: https://registry.yarnpkg.com/@astrojs%2fsolid-js: ETIMEDOUT
      at Timeout._onTimeout (/usr/local/lib/node_modules/yarn/lib/cli.js:141543:19)
      at listOnTimeout (node:internal/timers:559:17)
      at processTimers (node:internal/timers:502:7)

npm manifest: 
  {
    "name": "@example/basics",
    "type": "module",
    "version": "0.0.1",
    "private": true,
    "scripts": {
      "dev": "astro dev",
      "start": "astro dev",
      "build": "astro build",
      "preview": "astro preview",
      "astro": "astro"
    },
    "dependencies": {
      "@astrojs/solid-js": "^1.1.1",
      "@astrojs/tailwind": "^2.0.1",
      "astro": "^1.6.0",
      "solid-js": "^1.6.0",
      "tailwindcss": "^3.2.1"
    }
  }

yarn manifest: 
  No manifest

Lockfile: 
  No lockfile
